<?xml version="1.0" encoding="UTF-8"?>
<testng-results ignored="0" total="2" passed="1" failed="1" skipped="0">
  <reporter-output>
  </reporter-output>
  <suite started-at="2025-06-24T15:49:12 IST" name="Surefire suite" finished-at="2025-06-24T15:49:33 IST" duration-ms="20324">
    <groups>
    </groups>
    <test started-at="2025-06-24T15:49:12 IST" name="Surefire test" finished-at="2025-06-24T15:49:33 IST" duration-ms="20324">
      <class name="com.questapp.tests.LoginTest">
        <test-method is-config="true" signature="setUp()[pri:0, instance:com.questapp.tests.LoginTest@22ef9844]" started-at="2025-06-24T15:49:12 IST" name="setUp" finished-at="2025-06-24T15:49:24 IST" duration-ms="11316" status="PASS">
          <reporter-output>
          </reporter-output>
        </test-method> <!-- setUp -->
        <test-method is-config="true" signature="setUp()[pri:0, instance:com.questapp.tests.LoginTest@22ef9844]" started-at="2025-06-24T15:49:12 IST" name="setUp" finished-at="2025-06-24T15:49:24 IST" duration-ms="11347" status="PASS">
          <reporter-output>
          </reporter-output>
        </test-method> <!-- setUp -->
        <test-method signature="testLoginWithInvalidCredentials()[pri:0, instance:com.questapp.tests.LoginTest@22ef9844]" started-at="2025-06-24T15:49:24 IST" name="testLoginWithInvalidCredentials" finished-at="2025-06-24T15:49:32 IST" duration-ms="8230" status="PASS">
          <reporter-output>
          </reporter-output>
        </test-method> <!-- testLoginWithInvalidCredentials -->
        <test-method signature="testSuccessfulLogin()[pri:0, instance:com.questapp.tests.LoginTest@22ef9844]" started-at="2025-06-24T15:49:24 IST" name="testSuccessfulLogin" finished-at="2025-06-24T15:49:33 IST" duration-ms="8874" status="FAIL">
          <exception class="java.lang.AssertionError">
            <message>
              <![CDATA[User should be logged in and see navigation/dashboard elements expected [true] but found [false]]]>
            </message>
            <full-stacktrace>
              <![CDATA[java.lang.AssertionError: User should be logged in and see navigation/dashboard elements expected [true] but found [false]
at org.testng.Assert.fail(Assert.java:111)
at org.testng.Assert.failNotEquals(Assert.java:1578)
at org.testng.Assert.assertTrue(Assert.java:57)
at com.questapp.tests.LoginTest.testSuccessfulLogin(LoginTest.java:25)
at java.base/jdk.internal.reflect.DirectMethodHandleAccessor.invoke(DirectMethodHandleAccessor.java:103)
at java.base/java.lang.reflect.Method.invoke(Method.java:580)
at org.testng.internal.invokers.MethodInvocationHelper.invokeMethod(MethodInvocationHelper.java:139)
at org.testng.internal.invokers.TestInvoker.invokeMethod(TestInvoker.java:664)
at org.testng.internal.invokers.TestInvoker.invokeTestMethod(TestInvoker.java:227)
at org.testng.internal.invokers.MethodRunner.runInSequence(MethodRunner.java:50)
at org.testng.internal.invokers.TestInvoker$MethodInvocationAgent.invoke(TestInvoker.java:957)
at org.testng.internal.invokers.TestInvoker.invokeTestMethods(TestInvoker.java:200)
at org.testng.internal.invokers.TestMethodWorker.invokeTestMethods(TestMethodWorker.java:148)
at org.testng.internal.invokers.TestMethodWorker.run(TestMethodWorker.java:128)
at java.base/java.util.concurrent.ThreadPoolExecutor.runWorker(ThreadPoolExecutor.java:1144)
at java.base/java.util.concurrent.ThreadPoolExecutor$Worker.run(ThreadPoolExecutor.java:642)
at java.base/java.lang.Thread.run(Thread.java:1583)
]]>
            </full-stacktrace>
          </exception> <!-- java.lang.AssertionError -->
          <reporter-output>
          </reporter-output>
        </test-method> <!-- testSuccessfulLogin -->
        <test-method is-config="true" signature="tearDown()[pri:0, instance:com.questapp.tests.LoginTest@22ef9844]" started-at="2025-06-24T15:49:32 IST" name="tearDown" finished-at="2025-06-24T15:49:32 IST" duration-ms="192" status="PASS">
          <reporter-output>
          </reporter-output>
        </test-method> <!-- tearDown -->
        <test-method is-config="true" signature="tearDown()[pri:0, instance:com.questapp.tests.LoginTest@22ef9844]" started-at="2025-06-24T15:49:33 IST" name="tearDown" finished-at="2025-06-24T15:49:33 IST" duration-ms="0" status="PASS">
          <reporter-output>
          </reporter-output>
        </test-method> <!-- tearDown -->
      </class> <!-- com.questapp.tests.LoginTest -->
    </test> <!-- Surefire test -->
  </suite> <!-- Surefire suite -->
</testng-results>
